nohup: ignoring input
I tensorflow/core/distributed_runtime/rpc/grpc_channel.cc:197] Initialize GrpcChannelCache for job worker -> {0 -> localhost:2222, 1 -> vm-14-2:2222, 2 -> vm-14-3:2222, 3 -> vm-14-4:2222, 4 -> vm-14-5:2222}
I tensorflow/core/distributed_runtime/rpc/grpc_server_lib.cc:206] Started server with target: grpc://localhost:2222
I tensorflow/core/distributed_runtime/master_session.cc:928] Start master session f4a382e27527b2b5 with config: 

I tensorflow/core/distributed_runtime/master_session.cc:928] Start master session 98624aa4853fcd6a with config: 
log_device_placement: true

I tensorflow/core/common_runtime/simple_placer.cc:819] operator_4: /job:worker/replica:0/task:4/cpu:0
I tensorflow/core/common_runtime/simple_placer.cc:819] operator_3: /job:worker/replica:0/task:3/cpu:0
I tensorflow/core/common_runtime/simple_placer.cc:819] operator_2: /job:worker/replica:0/task:2/cpu:0
I tensorflow/core/common_runtime/simple_placer.cc:819] operator_1: /job:worker/replica:0/task:1/cpu:0
I tensorflow/core/common_runtime/simple_placer.cc:819] operator_0: /job:worker/replica:0/task:0/cpu:0
I tensorflow/core/common_runtime/simple_placer.cc:819] model: /job:worker/replica:0/task:0/cpu:0
I tensorflow/core/common_runtime/simple_placer.cc:819] model/read: /job:worker/replica:0/task:0/cpu:0
I tensorflow/core/common_runtime/simple_placer.cc:819] transpose_4/Rank: /job:worker/replica:0/task:0/cpu:0
I tensorflow/core/common_runtime/simple_placer.cc:819] transpose_4/Range: /job:worker/replica:0/task:4/cpu:0
I tensorflow/core/common_runtime/simple_placer.cc:819] transpose_4/sub: /job:worker/replica:0/task:4/cpu:0
I tensorflow/core/common_runtime/simple_placer.cc:819] transpose_4/sub_1: /job:worker/replica:0/task:4/cpu:0
I tensorflow/core/common_runtime/simple_placer.cc:819] transpose_4: /job:worker/replica:0/task:4/cpu:0
I tensorflow/core/common_runtime/simple_placer.cc:819] MatMul_4: /job:worker/replica:0/task:4/cpu:0
I tensorflow/core/common_runtime/simple_placer.cc:819] Mul_8: /job:worker/replica:0/task:4/cpu:0
I tensorflow/core/common_runtime/simple_placer.cc:819] Mul_9: /job:worker/replica:0/task:4/cpu:0
I tensorflow/core/common_runtime/simple_placer.cc:819] transpose_3/Rank: /job:worker/replica:0/task:0/cpu:0
I tensorflow/core/common_runtime/simple_placer.cc:819] transpose_3/Range: /job:worker/replica:0/task:3/cpu:0
I tensorflow/core/common_runtime/simple_placer.cc:819] transpose_3/sub: /job:worker/replica:0/task:3/cpu:0
I tensorflow/core/common_runtime/simple_placer.cc:819] transpose_3/sub_1: /job:worker/replica:0/task:3/cpu:0
I tensorflow/core/common_runtime/simple_placer.cc:819] transpose_3: /job:worker/replica:0/task:3/cpu:0
I tensorflow/core/common_runtime/simple_placer.cc:819] MatMul_3: /job:worker/replica:0/task:3/cpu:0
I tensorflow/core/common_runtime/simple_placer.cc:819] Mul_6: /job:worker/replica:0/task:3/cpu:0
I tensorflow/core/common_runtime/simple_placer.cc:819] Mul_7: /job:worker/replica:0/task:3/cpu:0
I tensorflow/core/common_runtime/simple_placer.cc:819] transpose_2/Rank: /job:worker/replica:0/task:0/cpu:0
I tensorflow/core/common_runtime/simple_placer.cc:819] transpose_2/Range: /job:worker/replica:0/task:2/cpu:0
I tensorflow/core/common_runtime/simple_placer.cc:819] transpose_2/sub: /job:worker/replica:0/task:2/cpu:0
I tensorflow/core/common_runtime/simple_placer.cc:819] transpose_2/sub_1: /job:worker/replica:0/task:2/cpu:0
I tensorflow/core/common_runtime/simple_placer.cc:819] transpose_2: /job:worker/replica:0/task:2/cpu:0
I tensorflow/core/common_runtime/simple_placer.cc:819] MatMul_2: /job:worker/replica:0/task:2/cpu:0
I tensorflow/core/common_runtime/simple_placer.cc:819] Mul_4: /job:worker/replica:0/task:2/cpu:0
I tensorflow/core/common_runtime/simple_placer.cc:819] Mul_5: /job:worker/replica:0/task:2/cpu:0
I tensorflow/core/common_runtime/simple_placer.cc:819] transpose_1/Rank: /job:worker/replica:0/task:0/cpu:0
I tensorflow/core/common_runtime/simple_placer.cc:819] transpose_1/Range: /job:worker/replica:0/task:1/cpu:0
I tensorflow/core/common_runtime/simple_placer.cc:819] transpose_1/sub: /job:worker/replica:0/task:1/cpu:0
I tensorflow/core/common_runtime/simple_placer.cc:819] transpose_1/sub_1: /job:worker/replica:0/task:1/cpu:0
I tensorflow/core/common_runtime/simple_placer.cc:819] transpose_1: /job:worker/replica:0/task:1/cpu:0
I tensorflow/core/common_runtime/simple_placer.cc:819] MatMul_1: /job:worker/replica:0/task:1/cpu:0
I tensorflow/core/common_runtime/simple_placer.cc:819] Mul_2: /job:worker/replica:0/task:1/cpu:0
I tensorflow/core/common_runtime/simple_placer.cc:819] Mul_3: /job:worker/replica:0/task:1/cpu:0
I tensorflow/core/common_runtime/simple_placer.cc:819] transpose/Rank: /job:worker/replica:0/task:0/cpu:0
I tensorflow/core/common_runtime/simple_placer.cc:819] transpose/Range: /job:worker/replica:0/task:0/cpu:0
I tensorflow/core/common_runtime/simple_placer.cc:819] transpose/sub: /job:worker/replica:0/task:0/cpu:0
I tensorflow/core/common_runtime/simple_placer.cc:819] transpose/sub_1: /job:worker/replica:0/task:0/cpu:0
I tensorflow/core/common_runtime/simple_placer.cc:819] transpose: /job:worker/replica:0/task:0/cpu:0
I tensorflow/core/common_runtime/simple_placer.cc:819] MatMul: /job:worker/replica:0/task:0/cpu:0
I tensorflow/core/common_runtime/simple_placer.cc:819] Mul: /job:worker/replica:0/task:0/cpu:0
I tensorflow/core/common_runtime/simple_placer.cc:819] Mul_1: /job:worker/replica:0/task:0/cpu:0
I tensorflow/core/common_runtime/simple_placer.cc:819] AddN: /job:worker/replica:0/task:0/cpu:0
I tensorflow/core/common_runtime/simple_placer.cc:819] AssignAdd: /job:worker/replica:0/task:0/cpu:0
I tensorflow/core/common_runtime/simple_placer.cc:819] model/Assign: /job:worker/replica:0/task:0/cpu:0
I tensorflow/core/common_runtime/simple_placer.cc:819] init: /job:worker/replica:0/task:0/cpu:0
I tensorflow/core/common_runtime/simple_placer.cc:819] Mul_9/y: /job:worker/replica:0/task:4/cpu:0
I tensorflow/core/common_runtime/simple_placer.cc:819] transpose_4/Range/delta: /job:worker/replica:0/task:4/cpu:0
I tensorflow/core/common_runtime/simple_placer.cc:819] transpose_4/Range/start: /job:worker/replica:0/task:4/cpu:0
I tensorflow/core/common_runtime/simple_placer.cc:819] transpose_4/sub/y: /job:worker/replica:0/task:4/cpu:0
I tensorflow/core/common_runtime/simple_placer.cc:819] Mul_7/y: /job:worker/replica:0/task:3/cpu:0
I tensorflow/core/common_runtime/simple_placer.cc:819] transpose_3/Range/delta: /job:worker/replica:0/task:3/cpu:0
I tensorflow/core/common_runtime/simple_placer.cc:819] transpose_3/Range/start: /job:worker/replica:0/task:3/cpu:0
I tensorflow/core/common_runtime/simple_placer.cc:819] transpose_3/sub/y: /job:worker/replica:0/task:3/cpu:0
I tensorflow/core/common_runtime/simple_placer.cc:819] Mul_5/y: /job:worker/replica:0/task:2/cpu:0
I tensorflow/core/common_runtime/simple_placer.cc:819] transpose_2/Range/delta: /job:worker/replica:0/task:2/cpu:0
I tensorflow/core/common_runtime/simple_placer.cc:819] transpose_2/Range/start: /job:worker/replica:0/task:2/cpu:0
I tensorflow/core/common_runtime/simple_placer.cc:819] transpose_2/sub/y: /job:worker/replica:0/task:2/cpu:0
I tensorflow/core/common_runtime/simple_placer.cc:819] Mul_3/y: /job:worker/replica:0/task:1/cpu:0
I tensorflow/core/common_runtime/simple_placer.cc:819] transpose_1/Range/delta: /job:worker/replica:0/task:1/cpu:0
I tensorflow/core/common_runtime/simple_placer.cc:819] transpose_1/Range/start: /job:worker/replica:0/task:1/cpu:0
I tensorflow/core/common_runtime/simple_placer.cc:819] transpose_1/sub/y: /job:worker/replica:0/task:1/cpu:0
I tensorflow/core/common_runtime/simple_placer.cc:819] Mul_1/y: /job:worker/replica:0/task:0/cpu:0
I tensorflow/core/common_runtime/simple_placer.cc:819] transpose/Range/delta: /job:worker/replica:0/task:0/cpu:0
I tensorflow/core/common_runtime/simple_placer.cc:819] transpose/Range/start: /job:worker/replica:0/task:0/cpu:0
I tensorflow/core/common_runtime/simple_placer.cc:819] transpose/sub/y: /job:worker/replica:0/task:0/cpu:0
I tensorflow/core/common_runtime/simple_placer.cc:819] ones: /job:worker/replica:0/task:0/cpu:0
